SF:lib/src/controllers/currency_input_controller.dart
DA:6,1
DA:9,1
DA:10,1
DA:16,3
DA:17,3
DA:18,3
DA:20,1
DA:21,3
DA:24,1
DA:25,3
DA:28,1
DA:29,2
LF:12
LH:12
end_of_record
SF:lib/src/formatters/decimal_text_input_formatter.dart
DA:4,1
DA:7,2
DA:12,1
DA:17,1
DA:19,1
DA:23,1
DA:24,4
DA:25,2
DA:27,1
DA:29,5
DA:31,2
DA:32,4
DA:34,1
LF:13
LH:13
end_of_record
SF:lib/src/models/currency_input_value.dart
DA:5,1
DA:13,1
DA:14,3
DA:15,1
DA:16,1
DA:19,0
DA:20,0
DA:22,1
DA:28,1
DA:29,1
DA:30,1
DA:34,1
DA:37,1
DA:38,3
DA:39,3
DA:42,0
DA:43,0
DA:45,0
DA:47,0
LF:19
LH:13
end_of_record
SF:lib/src/styles/currency_input_field_style.dart
DA:5,1
LF:1
LH:1
end_of_record
SF:lib/src/widgets/currency_input_field.dart
DA:12,1
DA:53,3
DA:54,2
DA:55,2
DA:56,2
DA:57,2
DA:59,2
DA:63,2
DA:67,2
DA:71,2
DA:126,1
DA:127,1
DA:135,1
DA:136,3
DA:138,1
DA:139,3
DA:141,1
DA:142,2
DA:144,3
DA:145,3
DA:147,1
DA:149,1
DA:151,2
DA:152,2
DA:153,2
DA:156,4
DA:157,2
DA:159,3
DA:160,3
DA:163,0
DA:165,0
DA:167,0
DA:168,0
DA:169,0
DA:171,0
DA:172,0
DA:173,0
DA:174,0
DA:175,0
DA:182,0
DA:184,0
DA:185,0
DA:186,0
DA:190,1
DA:191,5
DA:192,0
DA:193,0
DA:194,0
DA:195,0
DA:201,1
DA:202,2
DA:206,1
DA:207,1
DA:208,2
DA:212,1
DA:213,3
DA:217,5
DA:221,4
DA:228,1
DA:229,0
DA:231,1
DA:234,4
DA:237,4
DA:240,3
DA:243,1
DA:244,2
DA:246,3
DA:247,4
DA:249,1
DA:250,4
DA:254,1
DA:255,2
DA:256,1
DA:258,1
DA:260,1
DA:261,3
DA:265,1
DA:266,2
DA:268,1
DA:269,2
DA:270,2
DA:277,1
DA:278,2
DA:279,2
DA:285,1
DA:286,2
DA:288,1
DA:289,2
DA:290,2
DA:297,1
DA:298,2
DA:299,2
DA:305,1
DA:306,1
DA:307,2
DA:308,5
DA:309,2
DA:312,3
DA:313,2
DA:314,2
DA:315,1
DA:316,2
DA:317,1
DA:318,2
DA:320,1
DA:321,3
DA:326,1
DA:327,2
DA:328,1
DA:329,2
DA:330,3
DA:331,1
DA:332,2
DA:338,1
DA:339,1
DA:341,1
DA:342,1
DA:343,2
DA:344,2
DA:345,2
DA:346,2
DA:347,2
DA:348,2
DA:349,1
DA:350,1
DA:351,1
DA:352,2
DA:353,2
DA:355,2
DA:357,1
DA:358,2
DA:359,3
DA:360,1
DA:361,2
DA:366,1
DA:368,4
DA:369,3
DA:371,1
DA:372,2
DA:375,2
DA:377,1
DA:378,2
DA:381,1
DA:384,1
DA:386,1
DA:388,1
DA:389,2
DA:390,1
DA:391,2
DA:392,1
DA:393,1
DA:394,3
DA:397,4
DA:398,2
DA:399,4
DA:400,3
DA:402,3
DA:404,1
DA:406,1
DA:407,1
DA:409,2
DA:410,1
DA:411,2
DA:412,2
DA:413,1
DA:416,1
DA:419,1
DA:420,1
DA:421,1
DA:422,2
DA:426,1
DA:429,1
DA:432,1
DA:433,1
DA:434,2
DA:435,1
DA:437,1
DA:439,2
DA:442,1
DA:443,2
DA:444,1
DA:449,2
DA:451,1
DA:453,1
DA:454,1
DA:455,3
DA:456,2
LF:187
LH:168
end_of_record
